<?xml version="1.0" encoding="UTF-8"?>
<Site BuildName="Win32-MSBuild"
	BuildStamp="20241210-2157-Experimental"
	Name="DESKTOP-0JESGN7"
	Generator="ctest-3.31.2"
	CompilerName="C:/Program Files/Microsoft Visual Studio/2022/Community/VC/Tools/MSVC/14.41.34120/bin/Hostx64/x64/cl.exe"
	CompilerVersion="19.41.34123.0"
	OSName="Windows"
	Hostname="DESKTOP-0JESGN7"
	OSRelease=" Personal"
	OSVersion=" (Build 19045)"
	OSPlatform="AMD64"
	Is64Bits="1"
	VendorString="AuthenticAMD"
	VendorID="Advanced Micro Devices"
	FamilyID="15"
	ModelID="1"
	ModelName="AMD Ryzen 7 5800X 8-Core Processor             "
	ProcessorCacheSize="64"
	NumberOfLogicalCPU="16"
	NumberOfPhysicalCPU="8"
	TotalVirtualMemory="75183"
	TotalPhysicalMemory="65455"
	LogicalProcessorsPerPhysical="2"
	ProcessorClockFrequency="3792"
	>
	<Testing>
		<StartDateTime>Dec 10 16:57 Eastern Standard Time</StartDateTime>
		<StartTestTime>1733867868</StartTestTime>
		<TestList/>
		<EndDateTime>Dec 10 16:57 Eastern Standard Time</EndDateTime>
		<EndTestTime>1733867868</EndTestTime>
		<ElapsedMinutes>0</ElapsedMinutes>
	</Testing>
</Site>
